{
  "0 debug pnpm:scope": {
    "selected": 1
  },
  "1 debug pnpm:package-manifest": {
    "initial": {
      "name": "no-name",
      "license": "UNLICENSED",
      "vaadin": {
        "dependencies": {
          "lit-element": "2.3.1",
          "@vaadin/router": "1.7.2",
          "@polymer/polymer": "3.2.0",
          "@vaadin/vaadin-grid": "20.0.0-alpha5",
          "@vaadin/vaadin-icons": "20.0.0-alpha5",
          "@vaadin/vaadin-split-layout": "20.0.0-alpha5",
          "@vaadin/vaadin-combo-box": "20.0.0-alpha5",
          "@vaadin/vaadin-core-shrinkwrap": "20.0.0-alpha8",
          "@vaadin/vaadin-upload": "20.0.0-alpha5",
          "@vaadin/vaadin-dialog": "20.0.0-alpha5",
          "@vaadin/vaadin-select": "20.0.0-alpha5",
          "@vaadin/vaadin-app-layout": "20.0.0-alpha5",
          "@vaadin/vaadin-item": "20.0.0-alpha5",
          "@vaadin/vaadin-notification": "20.0.0-alpha5",
          "@vaadin/vaadin-progress-bar": "20.0.0-alpha5",
          "@vaadin/vaadin-date-time-picker": "20.0.0-alpha5",
          "@vaadin/vaadin-ordered-layout": "20.0.0-alpha5",
          "@vaadin/vaadin-login": "20.0.0-alpha5",
          "@vaadin/vaadin-button": "20.0.0-alpha5",
          "@vaadin/vaadin-date-picker": "20.0.0-alpha5",
          "@vaadin/vaadin-text-field": "20.0.0-alpha5",
          "@vaadin/vaadin-menu-bar": "20.0.0-alpha5",
          "@vaadin/vaadin-custom-field": "20.0.0-alpha5",
          "@vaadin/vaadin-form-layout": "20.0.0-alpha5",
          "@polymer/iron-list": "3.1.0",
          "@vaadin/vaadin-accordion": "20.0.0-alpha5",
          "@vaadin/vaadin-list-box": "20.0.0-alpha5",
          "@vaadin/vaadin-details": "20.0.0-alpha5",
          "@vaadin/vaadin-checkbox": "20.0.0-alpha5",
          "@polymer/iron-icon": "3.0.1",
          "@vaadin/vaadin-time-picker": "20.0.0-alpha5",
          "@vaadin/vaadin-context-menu": "20.0.0-alpha5",
          "@vaadin/vaadin-avatar": "20.0.0-alpha5",
          "@vaadin/vaadin-radio-button": "20.0.0-alpha5",
          "@vaadin/vaadin-tabs": "20.0.0-alpha5",
          "@vaadin/vaadin-lumo-styles": "20.0.0-alpha5",
          "@vaadin/vaadin-material-styles": "20.0.0-alpha5",
          "@vaadin/vaadin-messages": "20.0.0-alpha5"
        },
        "devDependencies": {
          "css-loader": "4.2.1",
          "file-loader": "6.2.0",
          "extra-watch-webpack-plugin": "1.0.3",
          "glob": "7.1.6",
          "validator": "13.1.17",
          "lit-css-loader": "0.0.4",
          "loader-utils": "2.0.0",
          "@types/validator": "13.1.0",
          "lit-element": "2.4.0",
          "construct-style-sheets-polyfill": "2.4.16",
          "webpack": "4.46.0",
          "ts-loader": "8.0.12",
          "chokidar": "^3.5.0",
          "typescript": "4.2.3",
          "webpack-dev-server": "3.11.0",
          "workbox-webpack-plugin": "6.1.0",
          "compression-webpack-plugin": "4.0.1",
          "webpack-cli": "3.3.11",
          "fork-ts-checker-webpack-plugin": "6.2.1",
          "lit-html": "1.3.0",
          "workbox-core": "6.1.0",
          "html-webpack-plugin": "4.5.1",
          "workbox-precaching": "6.1.0",
          "webpack-manifest-plugin": "3.0.0",
          "webpack-merge": "4.2.2",
          "extract-loader": "5.1.0"
        },
        "hash": "d8985b9e7febd29d1b4f9522cf19f6fb2b081807575f2a1c4c807e3992406719"
      },
      "dependencies": {
        "@adobe/lit-mobx": "^1.0.1",
        "@polymer/iron-icon": "3.0.1",
        "@polymer/iron-list": "3.1.0",
        "@polymer/polymer": "3.2.0",
        "@vaadin/flow-frontend": "./target/flow-frontend",
        "@vaadin/form": "./target/flow-frontend/form",
        "@vaadin/router": "1.7.2",
        "@vaadin/vaadin-accordion": "20.0.0-alpha5",
        "@vaadin/vaadin-app-layout": "20.0.0-alpha5",
        "@vaadin/vaadin-avatar": "20.0.0-alpha5",
        "@vaadin/vaadin-button": "20.0.0-alpha5",
        "@vaadin/vaadin-checkbox": "20.0.0-alpha5",
        "@vaadin/vaadin-combo-box": "20.0.0-alpha5",
        "@vaadin/vaadin-context-menu": "20.0.0-alpha5",
        "@vaadin/vaadin-core-shrinkwrap": "20.0.0-alpha8",
        "@vaadin/vaadin-custom-field": "20.0.0-alpha5",
        "@vaadin/vaadin-date-picker": "20.0.0-alpha5",
        "@vaadin/vaadin-date-time-picker": "20.0.0-alpha5",
        "@vaadin/vaadin-details": "20.0.0-alpha5",
        "@vaadin/vaadin-dialog": "20.0.0-alpha5",
        "@vaadin/vaadin-form-layout": "20.0.0-alpha5",
        "@vaadin/vaadin-grid": "20.0.0-alpha5",
        "@vaadin/vaadin-icons": "20.0.0-alpha5",
        "@vaadin/vaadin-item": "20.0.0-alpha5",
        "@vaadin/vaadin-list-box": "20.0.0-alpha5",
        "@vaadin/vaadin-login": "20.0.0-alpha5",
        "@vaadin/vaadin-lumo-styles": "20.0.0-alpha5",
        "@vaadin/vaadin-material-styles": "20.0.0-alpha5",
        "@vaadin/vaadin-menu-bar": "20.0.0-alpha5",
        "@vaadin/vaadin-messages": "20.0.0-alpha5",
        "@vaadin/vaadin-notification": "20.0.0-alpha5",
        "@vaadin/vaadin-ordered-layout": "20.0.0-alpha5",
        "@vaadin/vaadin-progress-bar": "20.0.0-alpha5",
        "@vaadin/vaadin-radio-button": "20.0.0-alpha5",
        "@vaadin/vaadin-select": "20.0.0-alpha5",
        "@vaadin/vaadin-split-layout": "20.0.0-alpha5",
        "@vaadin/vaadin-tabs": "20.0.0-alpha5",
        "@vaadin/vaadin-text-field": "20.0.0-alpha5",
        "@vaadin/vaadin-time-picker": "20.0.0-alpha5",
        "@vaadin/vaadin-upload": "20.0.0-alpha5",
        "lit-element": "2.3.1",
        "lumo-css-framework": "^3.0.11",
        "mobx": "^6.3.0"
      },
      "devDependencies": {
        "@types/validator": "13.1.0",
        "@vaadin/application-theme-plugin": "./target/plugins/application-theme-plugin",
        "@vaadin/stats-plugin": "./target/plugins/stats-plugin",
        "@vaadin/theme-live-reload-plugin": "./target/plugins/theme-live-reload-plugin",
        "@vaadin/theme-loader": "./target/plugins/theme-loader",
        "chokidar": "^3.5.0",
        "compression-webpack-plugin": "4.0.1",
        "construct-style-sheets-polyfill": "2.4.16",
        "css-loader": "4.2.1",
        "extra-watch-webpack-plugin": "1.0.3",
        "extract-loader": "5.1.0",
        "file-loader": "6.2.0",
        "fork-ts-checker-webpack-plugin": "6.2.1",
        "glob": "7.1.6",
        "html-webpack-plugin": "4.5.1",
        "lit-css-loader": "0.0.4",
        "lit-element": "2.4.0",
        "lit-html": "1.3.0",
        "loader-utils": "2.0.0",
        "ts-loader": "8.0.12",
        "typescript": "4.2.3",
        "validator": "13.1.17",
        "webpack": "4.46.0",
        "webpack-cli": "3.3.11",
        "webpack-dev-server": "3.11.0",
        "webpack-manifest-plugin": "3.0.0",
        "webpack-merge": "4.2.2",
        "workbox-core": "6.1.0",
        "workbox-precaching": "6.1.0",
        "workbox-webpack-plugin": "6.1.0"
      }
    },
    "prefix": "/home/als/src/realm/switter"
  },
  "2 debug pnpm:context": {
    "currentLockfileExists": false,
    "storeDir": "/home/als/.pnpm-store/v3",
    "virtualStoreDir": "/home/als/src/realm/switter/node_modules/.pnpm"
  },
  "3 debug pnpm:stage": {
    "prefix": "/home/als/src/realm/switter",
    "stage": "resolution_started"
  },
  "4 debug pnpm:_dependency_resolved": {
    "resolution": "registry.npmjs.org/@types/validator/13.1.0",
    "wanted": {
      "dependentId": ".",
      "name": "@types/validator",
      "rawSpec": "13.1.0"
    }
  },
  "5 debug pnpm:_dependency_resolved": {
    "resolution": "registry.npmjs.org/chokidar/3.5.1",
    "wanted": {
      "dependentId": ".",
      "name": "chokidar",
      "rawSpec": "^3.5.0"
    }
  },
  "6 debug pnpm:_dependency_resolved": {
    "resolution": "registry.npmjs.org/compression-webpack-plugin/4.0.1",
    "wanted": {
      "dependentId": ".",
      "name": "compression-webpack-plugin",
      "rawSpec": "4.0.1"
    }
  },
  "7 debug pnpm:_dependency_resolved": {
    "resolution": "registry.npmjs.org/construct-style-sheets-polyfill/2.4.16",
    "wanted": {
      "dependentId": ".",
      "name": "construct-style-sheets-polyfill",
      "rawSpec": "2.4.16"
    }
  },
  "8 debug pnpm:_dependency_resolved": {
    "resolution": "registry.npmjs.org/css-loader/4.2.1",
    "wanted": {
      "dependentId": ".",
      "name": "css-loader",
      "rawSpec": "4.2.1"
    }
  },
  "9 debug pnpm:_dependency_resolved": {
    "resolution": "registry.npmjs.org/extra-watch-webpack-plugin/1.0.3",
    "wanted": {
      "dependentId": ".",
      "name": "extra-watch-webpack-plugin",
      "rawSpec": "1.0.3"
    }
  },
  "10 debug pnpm:_dependency_resolved": {
    "resolution": "registry.npmjs.org/extract-loader/5.1.0",
    "wanted": {
      "dependentId": ".",
      "name": "extract-loader",
      "rawSpec": "5.1.0"
    }
  },
  "11 debug pnpm:_dependency_resolved": {
    "resolution": "registry.npmjs.org/file-loader/6.2.0",
    "wanted": {
      "dependentId": ".",
      "name": "file-loader",
      "rawSpec": "6.2.0"
    }
  },
  "12 debug pnpm:_dependency_resolved": {
    "resolution": "registry.npmjs.org/fork-ts-checker-webpack-plugin/6.2.1",
    "wanted": {
      "dependentId": ".",
      "name": "fork-ts-checker-webpack-plugin",
      "rawSpec": "6.2.1"
    }
  },
  "13 debug pnpm:_dependency_resolved": {
    "resolution": "registry.npmjs.org/glob/7.1.6",
    "wanted": {
      "dependentId": ".",
      "name": "glob",
      "rawSpec": "7.1.6"
    }
  },
  "14 debug pnpm:_dependency_resolved": {
    "resolution": "registry.npmjs.org/html-webpack-plugin/4.5.1",
    "wanted": {
      "dependentId": ".",
      "name": "html-webpack-plugin",
      "rawSpec": "4.5.1"
    }
  },
  "15 debug pnpm:_dependency_resolved": {
    "resolution": "registry.npmjs.org/lit-css-loader/0.0.4",
    "wanted": {
      "dependentId": ".",
      "name": "lit-css-loader",
      "rawSpec": "0.0.4"
    }
  },
  "16 debug pnpm:_dependency_resolved": {
    "resolution": "registry.npmjs.org/lit-element/2.3.1",
    "wanted": {
      "dependentId": ".",
      "name": "lit-element",
      "rawSpec": "2.3.1"
    }
  },
  "17 debug pnpm:_dependency_resolved": {
    "resolution": "registry.npmjs.org/lit-html/1.3.0",
    "wanted": {
      "dependentId": ".",
      "name": "lit-html",
      "rawSpec": "1.3.0"
    }
  },
  "18 debug pnpm:_dependency_resolved": {
    "resolution": "registry.npmjs.org/loader-utils/2.0.0",
    "wanted": {
      "dependentId": ".",
      "name": "loader-utils",
      "rawSpec": "2.0.0"
    }
  },
  "19 debug pnpm:_dependency_resolved": {
    "resolution": "registry.npmjs.org/ts-loader/8.0.12",
    "wanted": {
      "dependentId": ".",
      "name": "ts-loader",
      "rawSpec": "8.0.12"
    }
  },
  "20 debug pnpm:_dependency_resolved": {
    "resolution": "registry.npmjs.org/typescript/4.2.3",
    "wanted": {
      "dependentId": ".",
      "name": "typescript",
      "rawSpec": "4.2.3"
    }
  },
  "21 debug pnpm:_dependency_resolved": {
    "resolution": "registry.npmjs.org/validator/13.1.17",
    "wanted": {
      "dependentId": ".",
      "name": "validator",
      "rawSpec": "13.1.17"
    }
  },
  "22 debug pnpm:_dependency_resolved": {
    "resolution": "registry.npmjs.org/webpack/4.46.0",
    "wanted": {
      "dependentId": ".",
      "name": "webpack",
      "rawSpec": "4.46.0"
    }
  },
  "23 debug pnpm:_dependency_resolved": {
    "resolution": "registry.npmjs.org/webpack-cli/3.3.11",
    "wanted": {
      "dependentId": ".",
      "name": "webpack-cli",
      "rawSpec": "3.3.11"
    }
  },
  "24 debug pnpm:_dependency_resolved": {
    "resolution": "registry.npmjs.org/webpack-dev-server/3.11.0",
    "wanted": {
      "dependentId": ".",
      "name": "webpack-dev-server",
      "rawSpec": "3.11.0"
    }
  },
  "25 debug pnpm:_dependency_resolved": {
    "resolution": "registry.npmjs.org/webpack-manifest-plugin/3.0.0",
    "wanted": {
      "dependentId": ".",
      "name": "webpack-manifest-plugin",
      "rawSpec": "3.0.0"
    }
  },
  "26 debug pnpm:_dependency_resolved": {
    "resolution": "registry.npmjs.org/webpack-merge/4.2.2",
    "wanted": {
      "dependentId": ".",
      "name": "webpack-merge",
      "rawSpec": "4.2.2"
    }
  },
  "27 debug pnpm:_dependency_resolved": {
    "resolution": "registry.npmjs.org/workbox-core/6.1.0",
    "wanted": {
      "dependentId": ".",
      "name": "workbox-core",
      "rawSpec": "6.1.0"
    }
  },
  "28 debug pnpm:_dependency_resolved": {
    "resolution": "registry.npmjs.org/workbox-precaching/6.1.0",
    "wanted": {
      "dependentId": ".",
      "name": "workbox-precaching",
      "rawSpec": "6.1.0"
    }
  },
  "29 debug pnpm:_dependency_resolved": {
    "resolution": "registry.npmjs.org/workbox-webpack-plugin/6.1.0",
    "wanted": {
      "dependentId": ".",
      "name": "workbox-webpack-plugin",
      "rawSpec": "6.1.0"
    }
  },
  "30 debug pnpm:_dependency_resolved": {
    "resolution": "registry.npmjs.org/@adobe/lit-mobx/1.0.1",
    "wanted": {
      "dependentId": ".",
      "name": "@adobe/lit-mobx",
      "rawSpec": "^1.0.1"
    }
  },
  "31 debug pnpm:_dependency_resolved": {
    "resolution": "registry.npmjs.org/@polymer/iron-icon/3.0.1",
    "wanted": {
      "dependentId": ".",
      "name": "@polymer/iron-icon",
      "rawSpec": "3.0.1"
    }
  },
  "32 debug pnpm:_dependency_resolved": {
    "resolution": "registry.npmjs.org/@polymer/iron-list/3.1.0",
    "wanted": {
      "dependentId": ".",
      "name": "@polymer/iron-list",
      "rawSpec": "3.1.0"
    }
  },
  "33 debug pnpm:_dependency_resolved": {
    "resolution": "registry.npmjs.org/@polymer/polymer/3.2.0",
    "wanted": {
      "dependentId": ".",
      "name": "@polymer/polymer",
      "rawSpec": "3.2.0"
    }
  },
  "34 debug pnpm:_dependency_resolved": {
    "resolution": "registry.npmjs.org/@vaadin/vaadin-accordion/20.0.0-alpha5",
    "wanted": {
      "dependentId": ".",
      "name": "@vaadin/vaadin-accordion",
      "rawSpec": "20.0.0-alpha5"
    }
  },
  "35 debug pnpm:_dependency_resolved": {
    "resolution": "registry.npmjs.org/@vaadin/vaadin-app-layout/20.0.0-alpha5",
    "wanted": {
      "dependentId": ".",
      "name": "@vaadin/vaadin-app-layout",
      "rawSpec": "20.0.0-alpha5"
    }
  },
  "36 debug pnpm:_dependency_resolved": {
    "resolution": "registry.npmjs.org/@vaadin/vaadin-avatar/20.0.0-alpha5",
    "wanted": {
      "dependentId": ".",
      "name": "@vaadin/vaadin-avatar",
      "rawSpec": "20.0.0-alpha5"
    }
  },
  "37 debug pnpm:_dependency_resolved": {
    "resolution": "registry.npmjs.org/@vaadin/vaadin-button/20.0.0-alpha5",
    "wanted": {
      "dependentId": ".",
      "name": "@vaadin/vaadin-button",
      "rawSpec": "20.0.0-alpha5"
    }
  },
  "38 debug pnpm:_dependency_resolved": {
    "resolution": "registry.npmjs.org/@vaadin/vaadin-checkbox/20.0.0-alpha5",
    "wanted": {
      "dependentId": ".",
      "name": "@vaadin/vaadin-checkbox",
      "rawSpec": "20.0.0-alpha5"
    }
  },
  "39 debug pnpm:_dependency_resolved": {
    "resolution": "registry.npmjs.org/@vaadin/vaadin-combo-box/20.0.0-alpha5",
    "wanted": {
      "dependentId": ".",
      "name": "@vaadin/vaadin-combo-box",
      "rawSpec": "20.0.0-alpha5"
    }
  },
  "40 debug pnpm:_dependency_resolved": {
    "resolution": "registry.npmjs.org/@vaadin/vaadin-context-menu/20.0.0-alpha5",
    "wanted": {
      "dependentId": ".",
      "name": "@vaadin/vaadin-context-menu",
      "rawSpec": "20.0.0-alpha5"
    }
  },
  "41 debug pnpm:_dependency_resolved": {
    "resolution": "registry.npmjs.org/@vaadin/vaadin-core-shrinkwrap/20.0.0-alpha8",
    "wanted": {
      "dependentId": ".",
      "name": "@vaadin/vaadin-core-shrinkwrap",
      "rawSpec": "20.0.0-alpha8"
    }
  },
  "42 debug pnpm:_dependency_resolved": {
    "resolution": "registry.npmjs.org/@vaadin/vaadin-custom-field/20.0.0-alpha5",
    "wanted": {
      "dependentId": ".",
      "name": "@vaadin/vaadin-custom-field",
      "rawSpec": "20.0.0-alpha5"
    }
  },
  "43 debug pnpm:_dependency_resolved": {
    "resolution": "registry.npmjs.org/@vaadin/vaadin-date-picker/20.0.0-alpha5",
    "wanted": {
      "dependentId": ".",
      "name": "@vaadin/vaadin-date-picker",
      "rawSpec": "20.0.0-alpha5"
    }
  },
  "44 debug pnpm:_dependency_resolved": {
    "resolution": "registry.npmjs.org/@vaadin/vaadin-date-time-picker/20.0.0-alpha5",
    "wanted": {
      "dependentId": ".",
      "name": "@vaadin/vaadin-date-time-picker",
      "rawSpec": "20.0.0-alpha5"
    }
  },
  "45 debug pnpm:_dependency_resolved": {
    "resolution": "registry.npmjs.org/@vaadin/vaadin-details/20.0.0-alpha5",
    "wanted": {
      "dependentId": ".",
      "name": "@vaadin/vaadin-details",
      "rawSpec": "20.0.0-alpha5"
    }
  },
  "46 debug pnpm:_dependency_resolved": {
    "resolution": "registry.npmjs.org/@vaadin/vaadin-dialog/20.0.0-alpha5",
    "wanted": {
      "dependentId": ".",
      "name": "@vaadin/vaadin-dialog",
      "rawSpec": "20.0.0-alpha5"
    }
  },
  "47 debug pnpm:_dependency_resolved": {
    "resolution": "registry.npmjs.org/@vaadin/vaadin-form-layout/20.0.0-alpha5",
    "wanted": {
      "dependentId": ".",
      "name": "@vaadin/vaadin-form-layout",
      "rawSpec": "20.0.0-alpha5"
    }
  },
  "48 debug pnpm:_dependency_resolved": {
    "resolution": "registry.npmjs.org/@vaadin/vaadin-grid/20.0.0-alpha5",
    "wanted": {
      "dependentId": ".",
      "name": "@vaadin/vaadin-grid",
      "rawSpec": "20.0.0-alpha5"
    }
  },
  "49 debug pnpm:_dependency_resolved": {
    "resolution": "registry.npmjs.org/@vaadin/vaadin-icons/20.0.0-alpha5",
    "wanted": {
      "dependentId": ".",
      "name": "@vaadin/vaadin-icons",
      "rawSpec": "20.0.0-alpha5"
    }
  },
  "50 debug pnpm:_dependency_resolved": {
    "resolution": "registry.npmjs.org/@vaadin/vaadin-item/20.0.0-alpha5",
    "wanted": {
      "dependentId": ".",
      "name": "@vaadin/vaadin-item",
      "rawSpec": "20.0.0-alpha5"
    }
  },
  "51 debug pnpm:_dependency_resolved": {
    "resolution": "registry.npmjs.org/@vaadin/vaadin-list-box/20.0.0-alpha5",
    "wanted": {
      "dependentId": ".",
      "name": "@vaadin/vaadin-list-box",
      "rawSpec": "20.0.0-alpha5"
    }
  },
  "52 debug pnpm:_dependency_resolved": {
    "resolution": "registry.npmjs.org/@vaadin/vaadin-login/20.0.0-alpha5",
    "wanted": {
      "dependentId": ".",
      "name": "@vaadin/vaadin-login",
      "rawSpec": "20.0.0-alpha5"
    }
  },
  "53 debug pnpm:_dependency_resolved": {
    "resolution": "registry.npmjs.org/@vaadin/vaadin-lumo-styles/20.0.0-alpha5",
    "wanted": {
      "dependentId": ".",
      "name": "@vaadin/vaadin-lumo-styles",
      "rawSpec": "20.0.0-alpha5"
    }
  },
  "54 debug pnpm:_dependency_resolved": {
    "resolution": "registry.npmjs.org/@vaadin/vaadin-material-styles/20.0.0-alpha5",
    "wanted": {
      "dependentId": ".",
      "name": "@vaadin/vaadin-material-styles",
      "rawSpec": "20.0.0-alpha5"
    }
  },
  "55 debug pnpm:_dependency_resolved": {
    "resolution": "registry.npmjs.org/@vaadin/vaadin-menu-bar/20.0.0-alpha5",
    "wanted": {
      "dependentId": ".",
      "name": "@vaadin/vaadin-menu-bar",
      "rawSpec": "20.0.0-alpha5"
    }
  },
  "56 debug pnpm:_dependency_resolved": {
    "resolution": "registry.npmjs.org/@vaadin/vaadin-messages/20.0.0-alpha5",
    "wanted": {
      "dependentId": ".",
      "name": "@vaadin/vaadin-messages",
      "rawSpec": "20.0.0-alpha5"
    }
  },
  "57 debug pnpm:_dependency_resolved": {
    "resolution": "registry.npmjs.org/@vaadin/vaadin-notification/20.0.0-alpha5",
    "wanted": {
      "dependentId": ".",
      "name": "@vaadin/vaadin-notification",
      "rawSpec": "20.0.0-alpha5"
    }
  },
  "58 debug pnpm:_dependency_resolved": {
    "resolution": "registry.npmjs.org/@vaadin/vaadin-ordered-layout/20.0.0-alpha5",
    "wanted": {
      "dependentId": ".",
      "name": "@vaadin/vaadin-ordered-layout",
      "rawSpec": "20.0.0-alpha5"
    }
  },
  "59 debug pnpm:_dependency_resolved": {
    "resolution": "registry.npmjs.org/@vaadin/vaadin-progress-bar/20.0.0-alpha5",
    "wanted": {
      "dependentId": ".",
      "name": "@vaadin/vaadin-progress-bar",
      "rawSpec": "20.0.0-alpha5"
    }
  },
  "60 debug pnpm:_dependency_resolved": {
    "resolution": "registry.npmjs.org/@vaadin/vaadin-radio-button/20.0.0-alpha5",
    "wanted": {
      "dependentId": ".",
      "name": "@vaadin/vaadin-radio-button",
      "rawSpec": "20.0.0-alpha5"
    }
  },
  "61 debug pnpm:_dependency_resolved": {
    "resolution": "registry.npmjs.org/@vaadin/vaadin-select/20.0.0-alpha5",
    "wanted": {
      "dependentId": ".",
      "name": "@vaadin/vaadin-select",
      "rawSpec": "20.0.0-alpha5"
    }
  },
  "62 debug pnpm:_dependency_resolved": {
    "resolution": "registry.npmjs.org/@vaadin/vaadin-split-layout/20.0.0-alpha5",
    "wanted": {
      "dependentId": ".",
      "name": "@vaadin/vaadin-split-layout",
      "rawSpec": "20.0.0-alpha5"
    }
  },
  "63 debug pnpm:_dependency_resolved": {
    "resolution": "registry.npmjs.org/@vaadin/vaadin-tabs/20.0.0-alpha5",
    "wanted": {
      "dependentId": ".",
      "name": "@vaadin/vaadin-tabs",
      "rawSpec": "20.0.0-alpha5"
    }
  },
  "64 debug pnpm:_dependency_resolved": {
    "resolution": "registry.npmjs.org/@vaadin/vaadin-text-field/20.0.0-alpha5",
    "wanted": {
      "dependentId": ".",
      "name": "@vaadin/vaadin-text-field",
      "rawSpec": "20.0.0-alpha5"
    }
  },
  "65 debug pnpm:_dependency_resolved": {
    "resolution": "registry.npmjs.org/@vaadin/vaadin-time-picker/20.0.0-alpha5",
    "wanted": {
      "dependentId": ".",
      "name": "@vaadin/vaadin-time-picker",
      "rawSpec": "20.0.0-alpha5"
    }
  },
  "66 debug pnpm:_dependency_resolved": {
    "resolution": "registry.npmjs.org/@vaadin/vaadin-upload/20.0.0-alpha5",
    "wanted": {
      "dependentId": ".",
      "name": "@vaadin/vaadin-upload",
      "rawSpec": "20.0.0-alpha5"
    }
  },
  "67 debug pnpm:_dependency_resolved": {
    "resolution": "registry.npmjs.org/lumo-css-framework/3.0.11",
    "wanted": {
      "dependentId": ".",
      "name": "lumo-css-framework",
      "rawSpec": "^3.0.11"
    }
  },
  "68 debug pnpm:_dependency_resolved": {
    "resolution": "registry.npmjs.org/mobx/6.3.0",
    "wanted": {
      "dependentId": ".",
      "name": "mobx",
      "rawSpec": "^6.3.0"
    }
  },
  "69 error pnpm": {
    "code": "ERR_PNPM_NO_IMPORTER_MANIFEST_FOUND",
    "pkgsStack": [],
    "err": {
      "name": "Error",
      "message": "No package.json (or package.yaml, or package.json5) was found in \"/home/als/src/realm/switter/target/plugins/application-theme-plugin\".",
      "code": "ERR_PNPM_NO_IMPORTER_MANIFEST_FOUND",
      "stack": "Error: No package.json (or package.yaml, or package.json5) was found in \"/home/als/src/realm/switter/target/plugins/application-theme-plugin\".\n    at readProjectManifest (/home/als/.nvm/versions/node/v15.14.0/lib/node_modules/pnpm/dist/pnpm.cjs:45754:11)\n    at async Object.readProjectManifestOnly (/home/als/.nvm/versions/node/v15.14.0/lib/node_modules/pnpm/dist/pnpm.cjs:45758:24)\n    at async Object.resolveLocal [as default] (/home/als/.nvm/versions/node/v15.14.0/lib/node_modules/pnpm/dist/pnpm.cjs:62670:33)\n    at async Object.resolve (/home/als/.nvm/versions/node/v15.14.0/lib/node_modules/pnpm/dist/pnpm.cjs:65004:307)\n    at async run (/home/als/.nvm/versions/node/v15.14.0/lib/node_modules/pnpm/dist/pnpm.cjs:87191:21)"
    }
  }
}